[00:14:42] [Server thread/INFO]: PaletaChupada has made the advancement [Monster Hunter]
[00:16:17] [Server thread/INFO]: PaletaChupada has made the advancement [Getting an Upgrade]
[00:43:07] [RCON Client /127.0.0.1 #2/INFO]: Thread RCON Client /127.0.0.1 shutting down
[00:43:10] [Server thread/INFO]: Stopping server
[00:43:10] [Server thread/INFO]: Saving players
[00:43:10] [Server thread/INFO]: PaletaChupada lost connection: Server closed
[00:43:11] [Server thread/INFO]: PaletaChupada left the game
[00:43:11] [Server thread/INFO]: Saving worlds
[00:43:11] [Server thread/INFO]: Saving chunks for level 'ServerLevel[world]'/minecraft:overworld
[00:43:11] [Server thread/INFO]: [ChunkHolderManager] Waiting 60s for chunk system to halt for world 'world'
[00:43:11] [Server thread/INFO]: [ChunkHolderManager] Halted chunk system for world 'world'
[00:43:11] [Server thread/INFO]: [ChunkHolderManager] Saving all chunkholders for world 'world'
[00:43:11] [Server thread/INFO]: [ChunkHolderManager] Saved 292 block chunks, 269 entity chunks, 0 poi chunks in world 'world' in 0.15s
[00:43:11] [Server thread/INFO]: [ChunkHolderManager] Waiting 60s for chunk I/O to halt for world 'world'
[00:43:11] [Server thread/INFO]: [ChunkHolderManager] Halted I/O scheduler for world 'world'
[00:43:11] [Server thread/INFO]: Saving chunks for level 'ServerLevel[world_nether]'/minecraft:the_nether
[00:43:11] [Server thread/INFO]: [ChunkHolderManager] Waiting 60s for chunk system to halt for world 'world_nether'
[00:43:11] [Server thread/INFO]: [ChunkHolderManager] Halted chunk system for world 'world_nether'
[00:43:11] [Server thread/INFO]: [ChunkHolderManager] Saving all chunkholders for world 'world_nether'
[00:43:11] [Server thread/INFO]: [ChunkHolderManager] Saved 0 block chunks, 0 entity chunks, 0 poi chunks in world 'world_nether' in 0.00s
[00:43:11] [Server thread/INFO]: [ChunkHolderManager] Waiting 60s for chunk I/O to halt for world 'world_nether'
[00:43:11] [Server thread/INFO]: [ChunkHolderManager] Halted I/O scheduler for world 'world_nether'
[00:43:11] [Server thread/INFO]: Saving chunks for level 'ServerLevel[world_the_end]'/minecraft:the_end
[00:43:11] [Server thread/INFO]: [ChunkHolderManager] Waiting 60s for chunk system to halt for world 'world_the_end'
[00:43:11] [Server thread/INFO]: [ChunkHolderManager] Halted chunk system for world 'world_the_end'
[00:43:11] [Server thread/INFO]: [ChunkHolderManager] Saving all chunkholders for world 'world_the_end'
[00:43:11] [Server thread/INFO]: [ChunkHolderManager] Saved 0 block chunks, 0 entity chunks, 0 poi chunks in world 'world_the_end' in 0.00s
[00:43:11] [Server thread/INFO]: [ChunkHolderManager] Waiting 60s for chunk I/O to halt for world 'world_the_end'
[00:43:11] [Server thread/INFO]: [ChunkHolderManager] Halted I/O scheduler for world 'world_the_end'
[00:43:11] [Server thread/INFO]: ThreadedAnvilChunkStorage (world): All chunks are saved
[00:43:11] [Server thread/INFO]: ThreadedAnvilChunkStorage (DIM-1): All chunks are saved
[00:43:11] [Server thread/INFO]: ThreadedAnvilChunkStorage (DIM1): All chunks are saved
[00:43:11] [Server thread/INFO]: ThreadedAnvilChunkStorage: All dimensions are saved
[00:43:11] [Server thread/INFO]: Waiting for all RegionFile I/O tasks to complete...
[00:43:11] [Server thread/INFO]: All RegionFile I/O tasks to complete
[00:43:11] [Server thread/INFO]: [MoonriseCommon] Awaiting termination of worker pool for up to 60s...
[00:43:11] [Server thread/INFO]: [MoonriseCommon] Awaiting termination of I/O pool for up to 60s...
